2022-03-21 18:04:11 INFO  .:69 - The execution of method loadFiles started here ...
2022-03-21 18:04:11 INFO  .:84 - The execution of method loadFiles ended here ...
2022-03-21 18:04:12 INFO  .:86 - The execution of method navigate started here ...
2022-03-21 18:04:12 ERROR .:101 - there is an exception arised during the execution of the method navigate,The Exception :java.lang.NullPointerException: Cannot invoke "org.openqa.selenium.WebDriver.get(String)" because "oBrowser" is null
2022-03-21 18:04:13 INFO  .:166 - In Test Scenario Login the method navigate execution status is :Fail
2022-03-21 18:04:13 INFO  .:32 - The execution of method login started here ...
2022-03-21 18:04:13 ERROR .:53 - there is an exception arised during the execution of the method login,The Exception :java.lang.NullPointerException: Cannot invoke "org.openqa.selenium.WebDriver.findElement(org.openqa.selenium.By)" because "oBrowser" is null
2022-03-21 18:04:13 INFO  .:166 - In Test Scenario Login the method login execution status is :Fail
2022-03-21 18:04:14 INFO  .:166 - In Test Scenario Login the method minimizeFlyOutWindow execution status is :Fail
2022-03-21 18:04:14 INFO  .:76 - The execution of method logout started here ...
2022-03-21 18:04:14 ERROR .:91 - there is an exception arised during the execution of the method logout,The Exception :java.lang.NullPointerException: Cannot invoke "org.openqa.selenium.WebDriver.findElement(org.openqa.selenium.By)" because "oBrowser" is null
2022-03-21 18:04:14 INFO  .:166 - In Test Scenario Login the method logout execution status is :Fail
2022-03-21 18:04:14 INFO  .:121 - The execution of method closeApplication started here ...
2022-03-21 18:04:14 ERROR .:127 - there is an exception arised during the execution of the method closeApplication,The Exception :java.lang.NullPointerException: Cannot invoke "org.openqa.selenium.WebDriver.quit()" because "oBrowser" is null
2022-03-21 18:04:14 INFO  .:166 - In Test Scenario Login the method closeApplication execution status is :Fail
2022-03-21 18:04:14 INFO  .:180 - +++++++++++++++++++++++++++++++
2022-03-21 18:04:14 INFO  .:86 - The execution of method navigate started here ...
2022-03-21 18:04:15 ERROR .:101 - there is an exception arised during the execution of the method navigate,The Exception :java.lang.NullPointerException: Cannot invoke "org.openqa.selenium.WebDriver.get(String)" because "oBrowser" is null
2022-03-21 18:04:15 INFO  .:166 - In Test Scenario CreateUser the method navigate execution status is :Fail
2022-03-21 18:04:15 INFO  .:32 - The execution of method login started here ...
2022-03-21 18:04:15 ERROR .:53 - there is an exception arised during the execution of the method login,The Exception :java.lang.NullPointerException: Cannot invoke "org.openqa.selenium.WebDriver.findElement(org.openqa.selenium.By)" because "oBrowser" is null
2022-03-21 18:04:15 INFO  .:166 - In Test Scenario CreateUser the method login execution status is :Fail
2022-03-21 18:04:15 INFO  .:166 - In Test Scenario CreateUser the method minimizeFlyOutWindow execution status is :Fail
2022-03-21 18:04:15 INFO  .:32 - The execution of method createUser started here ...
2022-03-21 18:04:15 ERROR .:63 - there is an exception arised during the execution of the method createUser,The Exception :java.lang.NullPointerException: Cannot invoke "org.openqa.selenium.WebDriver.findElement(org.openqa.selenium.By)" because "oBrowser" is null
2022-03-21 18:04:16 INFO  .:166 - In Test Scenario CreateUser the method createUser execution status is :Fail
2022-03-21 18:04:16 INFO  .:131 - The execution of method deleteUser started here ...
2022-03-21 18:04:16 ERROR .:150 - there is an exception arised during the execution of the method deleteUser,The Exception :java.lang.NullPointerException: Cannot invoke "org.openqa.selenium.WebDriver.findElement(org.openqa.selenium.By)" because "oBrowser" is null
2022-03-21 18:04:16 INFO  .:166 - In Test Scenario CreateUser the method deleteUser execution status is :Fail
2022-03-21 18:04:16 INFO  .:76 - The execution of method logout started here ...
2022-03-21 18:04:16 ERROR .:91 - there is an exception arised during the execution of the method logout,The Exception :java.lang.NullPointerException: Cannot invoke "org.openqa.selenium.WebDriver.findElement(org.openqa.selenium.By)" because "oBrowser" is null
2022-03-21 18:04:16 INFO  .:166 - In Test Scenario CreateUser the method logout execution status is :Fail
2022-03-21 18:04:16 INFO  .:121 - The execution of method closeApplication started here ...
2022-03-21 18:04:16 ERROR .:127 - there is an exception arised during the execution of the method closeApplication,The Exception :java.lang.NullPointerException: Cannot invoke "org.openqa.selenium.WebDriver.quit()" because "oBrowser" is null
2022-03-21 18:04:16 INFO  .:166 - In Test Scenario CreateUser the method closeApplication execution status is :Fail
2022-03-21 18:04:16 INFO  .:180 - +++++++++++++++++++++++++++++++
2022-03-21 18:04:16 INFO  .:86 - The execution of method navigate started here ...
2022-03-21 18:04:16 ERROR .:101 - there is an exception arised during the execution of the method navigate,The Exception :java.lang.NullPointerException: Cannot invoke "org.openqa.selenium.WebDriver.get(String)" because "oBrowser" is null
2022-03-21 18:04:17 INFO  .:166 - In Test Scenario ModifyUser the method navigate execution status is :Fail
2022-03-21 18:04:17 INFO  .:32 - The execution of method login started here ...
2022-03-21 18:04:17 ERROR .:53 - there is an exception arised during the execution of the method login,The Exception :java.lang.NullPointerException: Cannot invoke "org.openqa.selenium.WebDriver.findElement(org.openqa.selenium.By)" because "oBrowser" is null
2022-03-21 18:04:17 INFO  .:166 - In Test Scenario ModifyUser the method login execution status is :Fail
2022-03-21 18:04:17 INFO  .:166 - In Test Scenario ModifyUser the method minimizeFlyOutWindow execution status is :Fail
2022-03-21 18:04:17 INFO  .:32 - The execution of method createUser started here ...
2022-03-21 18:04:17 ERROR .:63 - there is an exception arised during the execution of the method createUser,The Exception :java.lang.NullPointerException: Cannot invoke "org.openqa.selenium.WebDriver.findElement(org.openqa.selenium.By)" because "oBrowser" is null
2022-03-21 18:04:17 INFO  .:166 - In Test Scenario ModifyUser the method createUser execution status is :Fail
2022-03-21 18:04:17 INFO  .:86 - The execution of method modifyUser started here ...
2022-03-21 18:04:17 ERROR .:109 - there is an exception arised during the execution of the method modifyUser,The Exception :java.lang.NullPointerException: Cannot invoke "org.openqa.selenium.WebDriver.findElement(org.openqa.selenium.By)" because "oBrowser" is null
2022-03-21 18:04:18 INFO  .:166 - In Test Scenario ModifyUser the method modifyUser execution status is :Fail
2022-03-21 18:04:18 INFO  .:131 - The execution of method deleteUser started here ...
2022-03-21 18:04:18 ERROR .:150 - there is an exception arised during the execution of the method deleteUser,The Exception :java.lang.NullPointerException: Cannot invoke "org.openqa.selenium.WebDriver.findElement(org.openqa.selenium.By)" because "oBrowser" is null
2022-03-21 18:04:18 INFO  .:166 - In Test Scenario ModifyUser the method deleteUser execution status is :Fail
2022-03-21 18:04:18 INFO  .:76 - The execution of method logout started here ...
2022-03-21 18:04:18 ERROR .:91 - there is an exception arised during the execution of the method logout,The Exception :java.lang.NullPointerException: Cannot invoke "org.openqa.selenium.WebDriver.findElement(org.openqa.selenium.By)" because "oBrowser" is null
2022-03-21 18:04:18 INFO  .:166 - In Test Scenario ModifyUser the method logout execution status is :Fail
2022-03-21 18:04:18 INFO  .:121 - The execution of method closeApplication started here ...
2022-03-21 18:04:18 ERROR .:127 - there is an exception arised during the execution of the method closeApplication,The Exception :java.lang.NullPointerException: Cannot invoke "org.openqa.selenium.WebDriver.quit()" because "oBrowser" is null
2022-03-21 18:04:18 INFO  .:166 - In Test Scenario ModifyUser the method closeApplication execution status is :Fail
2022-03-21 18:04:18 INFO  .:180 - +++++++++++++++++++++++++++++++
2022-03-21 18:04:18 INFO  .:180 - +++++++++++++++++++++++++++++++
2022-03-21 18:04:18 INFO  .:180 - +++++++++++++++++++++++++++++++
2022-03-21 18:04:18 INFO  .:180 - +++++++++++++++++++++++++++++++
2022-03-21 18:04:18 INFO  .:180 - +++++++++++++++++++++++++++++++
2022-03-21 18:04:18 INFO  .:183 - The execution of method executeTestScenarios ended here ...
2022-03-21 18:04:18 INFO  .:205 - The execution of method endAutomationSuite ended here ...
2022-03-21 18:04:18 INFO  .:208 - The execution of method endAutomationSuite ended here ...
2022-03-21 18:07:19 INFO  .:69 - The execution of method loadFiles started here ...
2022-03-21 18:07:19 INFO  .:84 - The execution of method loadFiles ended here ...
2022-03-21 18:07:21 INFO  .:86 - The execution of method navigate started here ...
2022-03-21 18:07:21 ERROR .:101 - there is an exception arised during the execution of the method navigate,The Exception :java.lang.NullPointerException: Cannot invoke "org.openqa.selenium.WebDriver.get(String)" because "oBrowser" is null
2022-03-21 18:07:21 INFO  .:166 - In Test Scenario Login the method navigate execution status is :Fail
2022-03-21 18:07:22 INFO  .:32 - The execution of method login started here ...
2022-03-21 18:07:22 ERROR .:53 - there is an exception arised during the execution of the method login,The Exception :java.lang.NullPointerException: Cannot invoke "org.openqa.selenium.WebDriver.findElement(org.openqa.selenium.By)" because "oBrowser" is null
2022-03-21 18:07:22 INFO  .:166 - In Test Scenario Login the method login execution status is :Fail
2022-03-21 18:07:22 INFO  .:166 - In Test Scenario Login the method minimizeFlyOutWindow execution status is :Fail
2022-03-21 18:07:22 INFO  .:76 - The execution of method logout started here ...
2022-03-21 18:07:22 ERROR .:91 - there is an exception arised during the execution of the method logout,The Exception :java.lang.NullPointerException: Cannot invoke "org.openqa.selenium.WebDriver.findElement(org.openqa.selenium.By)" because "oBrowser" is null
2022-03-21 18:07:22 INFO  .:166 - In Test Scenario Login the method logout execution status is :Fail
2022-03-21 18:07:23 INFO  .:121 - The execution of method closeApplication started here ...
2022-03-21 18:07:23 ERROR .:127 - there is an exception arised during the execution of the method closeApplication,The Exception :java.lang.NullPointerException: Cannot invoke "org.openqa.selenium.WebDriver.quit()" because "oBrowser" is null
2022-03-21 18:07:23 INFO  .:166 - In Test Scenario Login the method closeApplication execution status is :Fail
2022-03-21 18:07:23 INFO  .:180 - +++++++++++++++++++++++++++++++
2022-03-21 18:07:23 INFO  .:86 - The execution of method navigate started here ...
2022-03-21 18:07:23 ERROR .:101 - there is an exception arised during the execution of the method navigate,The Exception :java.lang.NullPointerException: Cannot invoke "org.openqa.selenium.WebDriver.get(String)" because "oBrowser" is null
2022-03-21 18:07:23 INFO  .:166 - In Test Scenario CreateUser the method navigate execution status is :Fail
2022-03-21 18:07:23 INFO  .:32 - The execution of method login started here ...
2022-03-21 18:07:23 ERROR .:53 - there is an exception arised during the execution of the method login,The Exception :java.lang.NullPointerException: Cannot invoke "org.openqa.selenium.WebDriver.findElement(org.openqa.selenium.By)" because "oBrowser" is null
2022-03-21 18:07:23 INFO  .:166 - In Test Scenario CreateUser the method login execution status is :Fail
2022-03-21 18:07:24 INFO  .:166 - In Test Scenario CreateUser the method minimizeFlyOutWindow execution status is :Fail
2022-03-21 18:07:24 INFO  .:32 - The execution of method createUser started here ...
2022-03-21 18:07:24 ERROR .:63 - there is an exception arised during the execution of the method createUser,The Exception :java.lang.NullPointerException: Cannot invoke "org.openqa.selenium.WebDriver.findElement(org.openqa.selenium.By)" because "oBrowser" is null
2022-03-21 18:07:24 INFO  .:166 - In Test Scenario CreateUser the method createUser execution status is :Fail
2022-03-21 18:07:24 INFO  .:131 - The execution of method deleteUser started here ...
2022-03-21 18:07:24 ERROR .:150 - there is an exception arised during the execution of the method deleteUser,The Exception :java.lang.NullPointerException: Cannot invoke "org.openqa.selenium.WebDriver.findElement(org.openqa.selenium.By)" because "oBrowser" is null
2022-03-21 18:07:24 INFO  .:166 - In Test Scenario CreateUser the method deleteUser execution status is :Fail
2022-03-21 18:07:24 INFO  .:76 - The execution of method logout started here ...
2022-03-21 18:07:24 ERROR .:91 - there is an exception arised during the execution of the method logout,The Exception :java.lang.NullPointerException: Cannot invoke "org.openqa.selenium.WebDriver.findElement(org.openqa.selenium.By)" because "oBrowser" is null
2022-03-21 18:07:25 INFO  .:166 - In Test Scenario CreateUser the method logout execution status is :Fail
2022-03-21 18:07:25 INFO  .:121 - The execution of method closeApplication started here ...
2022-03-21 18:07:25 ERROR .:127 - there is an exception arised during the execution of the method closeApplication,The Exception :java.lang.NullPointerException: Cannot invoke "org.openqa.selenium.WebDriver.quit()" because "oBrowser" is null
2022-03-21 18:07:25 INFO  .:166 - In Test Scenario CreateUser the method closeApplication execution status is :Fail
2022-03-21 18:07:25 INFO  .:180 - +++++++++++++++++++++++++++++++
2022-03-21 18:07:25 INFO  .:86 - The execution of method navigate started here ...
2022-03-21 18:07:25 ERROR .:101 - there is an exception arised during the execution of the method navigate,The Exception :java.lang.NullPointerException: Cannot invoke "org.openqa.selenium.WebDriver.get(String)" because "oBrowser" is null
2022-03-21 18:07:25 INFO  .:166 - In Test Scenario ModifyUser the method navigate execution status is :Fail
2022-03-21 18:07:25 INFO  .:32 - The execution of method login started here ...
2022-03-21 18:07:25 ERROR .:53 - there is an exception arised during the execution of the method login,The Exception :java.lang.NullPointerException: Cannot invoke "org.openqa.selenium.WebDriver.findElement(org.openqa.selenium.By)" because "oBrowser" is null
2022-03-21 18:07:25 INFO  .:166 - In Test Scenario ModifyUser the method login execution status is :Fail
2022-03-21 18:07:26 INFO  .:166 - In Test Scenario ModifyUser the method minimizeFlyOutWindow execution status is :Fail
2022-03-21 18:07:26 INFO  .:32 - The execution of method createUser started here ...
2022-03-21 18:07:26 ERROR .:63 - there is an exception arised during the execution of the method createUser,The Exception :java.lang.NullPointerException: Cannot invoke "org.openqa.selenium.WebDriver.findElement(org.openqa.selenium.By)" because "oBrowser" is null
2022-03-21 18:07:26 INFO  .:166 - In Test Scenario ModifyUser the method createUser execution status is :Fail
2022-03-21 18:07:26 INFO  .:86 - The execution of method modifyUser started here ...
2022-03-21 18:07:26 ERROR .:109 - there is an exception arised during the execution of the method modifyUser,The Exception :java.lang.NullPointerException: Cannot invoke "org.openqa.selenium.WebDriver.findElement(org.openqa.selenium.By)" because "oBrowser" is null
2022-03-21 18:07:26 INFO  .:166 - In Test Scenario ModifyUser the method modifyUser execution status is :Fail
2022-03-21 18:07:26 INFO  .:131 - The execution of method deleteUser started here ...
2022-03-21 18:07:26 ERROR .:150 - there is an exception arised during the execution of the method deleteUser,The Exception :java.lang.NullPointerException: Cannot invoke "org.openqa.selenium.WebDriver.findElement(org.openqa.selenium.By)" because "oBrowser" is null
2022-03-21 18:07:26 INFO  .:166 - In Test Scenario ModifyUser the method deleteUser execution status is :Fail
2022-03-21 18:07:27 INFO  .:76 - The execution of method logout started here ...
2022-03-21 18:07:27 ERROR .:91 - there is an exception arised during the execution of the method logout,The Exception :java.lang.NullPointerException: Cannot invoke "org.openqa.selenium.WebDriver.findElement(org.openqa.selenium.By)" because "oBrowser" is null
2022-03-21 18:07:27 INFO  .:166 - In Test Scenario ModifyUser the method logout execution status is :Fail
2022-03-21 18:07:27 INFO  .:121 - The execution of method closeApplication started here ...
2022-03-21 18:07:27 ERROR .:127 - there is an exception arised during the execution of the method closeApplication,The Exception :java.lang.NullPointerException: Cannot invoke "org.openqa.selenium.WebDriver.quit()" because "oBrowser" is null
2022-03-21 18:07:27 INFO  .:166 - In Test Scenario ModifyUser the method closeApplication execution status is :Fail
2022-03-21 18:07:27 INFO  .:180 - +++++++++++++++++++++++++++++++
2022-03-21 18:07:27 INFO  .:180 - +++++++++++++++++++++++++++++++
2022-03-21 18:07:27 INFO  .:180 - +++++++++++++++++++++++++++++++
2022-03-21 18:07:27 INFO  .:180 - +++++++++++++++++++++++++++++++
2022-03-21 18:07:27 INFO  .:180 - +++++++++++++++++++++++++++++++
2022-03-21 18:07:27 INFO  .:183 - The execution of method executeTestScenarios ended here ...
2022-03-21 18:07:27 INFO  .:205 - The execution of method endAutomationSuite ended here ...
2022-03-21 18:07:27 INFO  .:208 - The execution of method endAutomationSuite ended here ...
