2022-03-20 11:31:26 INFO  .:69 - The execution of method loadFiles started here ...
2022-03-20 11:31:26 INFO  .:84 - The execution of method loadFiles ended here ...
2022-03-20 11:31:28 INFO  .:86 - The execution of method navigate started here ...
2022-03-20 11:31:35 INFO  .:98 - The execution of method navigate ended here ...
2022-03-20 11:31:35 INFO  .:166 - In Test Scenario Login the method navigate execution status is :Pass
2022-03-20 11:31:35 INFO  .:32 - The execution of method login started here ...
2022-03-20 11:31:41 INFO  .:50 - The execution of method login ended here ...
2022-03-20 11:31:41 INFO  .:166 - In Test Scenario Login the method login execution status is :Pass
2022-03-20 11:31:43 INFO  .:166 - In Test Scenario Login the method minimizeFlyOutWindow execution status is :Pass
2022-03-20 11:31:43 INFO  .:76 - The execution of method logout started here ...
2022-03-20 11:31:47 INFO  .:88 - The execution of method logout ended here ...
2022-03-20 11:31:47 INFO  .:166 - In Test Scenario Login the method logout execution status is :Pass
2022-03-20 11:31:47 INFO  .:121 - The execution of method closeApplication started here ...
2022-03-20 11:31:48 INFO  .:124 - The execution of method closeApplication ended here ...
2022-03-20 11:31:48 INFO  .:166 - In Test Scenario Login the method closeApplication execution status is :Pass
2022-03-20 11:31:48 INFO  .:180 - +++++++++++++++++++++++++++++++
2022-03-20 11:31:49 INFO  .:86 - The execution of method navigate started here ...
2022-03-20 11:31:55 INFO  .:98 - The execution of method navigate ended here ...
2022-03-20 11:31:55 INFO  .:166 - In Test Scenario CreateUser the method navigate execution status is :Pass
2022-03-20 11:31:55 INFO  .:32 - The execution of method login started here ...
2022-03-20 11:32:01 INFO  .:50 - The execution of method login ended here ...
2022-03-20 11:32:01 INFO  .:166 - In Test Scenario CreateUser the method login execution status is :Pass
2022-03-20 11:32:03 INFO  .:166 - In Test Scenario CreateUser the method minimizeFlyOutWindow execution status is :Pass
2022-03-20 11:32:03 INFO  .:32 - The execution of method createUser started here ...
2022-03-20 11:32:13 INFO  .:60 - The execution of method createUser ended here ...
2022-03-20 11:32:13 INFO  .:166 - In Test Scenario CreateUser the method createUser execution status is :Pass
2022-03-20 11:32:13 INFO  .:131 - The execution of method deleteUser started here ...
2022-03-20 11:32:23 INFO  .:147 - The execution of method deleteUser ended here ...
2022-03-20 11:32:23 INFO  .:166 - In Test Scenario CreateUser the method deleteUser execution status is :Pass
2022-03-20 11:32:23 INFO  .:76 - The execution of method logout started here ...
2022-03-20 11:32:27 INFO  .:88 - The execution of method logout ended here ...
2022-03-20 11:32:27 INFO  .:166 - In Test Scenario CreateUser the method logout execution status is :Pass
2022-03-20 11:32:27 INFO  .:121 - The execution of method closeApplication started here ...
2022-03-20 11:32:27 INFO  .:124 - The execution of method closeApplication ended here ...
2022-03-20 11:32:27 INFO  .:166 - In Test Scenario CreateUser the method closeApplication execution status is :Pass
2022-03-20 11:32:27 INFO  .:180 - +++++++++++++++++++++++++++++++
2022-03-20 11:32:28 INFO  .:86 - The execution of method navigate started here ...
2022-03-20 11:32:35 INFO  .:98 - The execution of method navigate ended here ...
2022-03-20 11:32:35 INFO  .:166 - In Test Scenario ModifyUser the method navigate execution status is :Pass
2022-03-20 11:32:35 INFO  .:32 - The execution of method login started here ...
2022-03-20 11:32:40 INFO  .:50 - The execution of method login ended here ...
2022-03-20 11:32:40 INFO  .:166 - In Test Scenario ModifyUser the method login execution status is :Pass
2022-03-20 11:32:42 INFO  .:166 - In Test Scenario ModifyUser the method minimizeFlyOutWindow execution status is :Pass
2022-03-20 11:32:42 INFO  .:32 - The execution of method createUser started here ...
2022-03-20 11:32:53 INFO  .:60 - The execution of method createUser ended here ...
2022-03-20 11:32:53 INFO  .:166 - In Test Scenario ModifyUser the method createUser execution status is :Pass
2022-03-20 11:32:53 INFO  .:86 - The execution of method modifyUser started here ...
2022-03-20 11:33:02 INFO  .:106 - The execution of method modifyUser ended here ...
2022-03-20 11:33:02 INFO  .:166 - In Test Scenario ModifyUser the method modifyUser execution status is :Fail
2022-03-20 11:33:02 INFO  .:131 - The execution of method deleteUser started here ...
2022-03-20 11:33:12 INFO  .:147 - The execution of method deleteUser ended here ...
2022-03-20 11:33:12 INFO  .:166 - In Test Scenario ModifyUser the method deleteUser execution status is :Pass
2022-03-20 11:33:12 INFO  .:76 - The execution of method logout started here ...
2022-03-20 11:33:16 INFO  .:88 - The execution of method logout ended here ...
2022-03-20 11:33:16 INFO  .:166 - In Test Scenario ModifyUser the method logout execution status is :Pass
2022-03-20 11:33:16 INFO  .:121 - The execution of method closeApplication started here ...
2022-03-20 11:33:16 INFO  .:124 - The execution of method closeApplication ended here ...
2022-03-20 11:33:16 INFO  .:166 - In Test Scenario ModifyUser the method closeApplication execution status is :Pass
2022-03-20 11:33:16 INFO  .:180 - +++++++++++++++++++++++++++++++
2022-03-20 11:33:16 INFO  .:180 - +++++++++++++++++++++++++++++++
2022-03-20 11:33:16 INFO  .:180 - +++++++++++++++++++++++++++++++
2022-03-20 11:33:16 INFO  .:180 - +++++++++++++++++++++++++++++++
2022-03-20 11:33:16 INFO  .:180 - +++++++++++++++++++++++++++++++
2022-03-20 11:33:16 INFO  .:183 - The execution of method executeTestScenarios ended here ...
2022-03-20 11:33:16 INFO  .:205 - The execution of method endAutomationSuite ended here ...
2022-03-20 11:33:16 INFO  .:208 - The execution of method endAutomationSuite ended here ...
2022-03-22 22:05:39 INFO  .:69 - The execution of method loadFiles started here ...
2022-03-22 22:05:39 INFO  .:84 - The execution of method loadFiles ended here ...
2022-03-22 22:05:41 INFO  .:86 - The execution of method navigate started here ...
2022-03-22 22:05:41 ERROR .:101 - there is an exception arised during the execution of the method navigate,The Exception :java.lang.NullPointerException: Cannot invoke "org.openqa.selenium.WebDriver.get(String)" because "oBrowser" is null
2022-03-22 22:05:41 INFO  .:166 - In Test Scenario Login the method navigate execution status is :Fail
2022-03-22 22:05:42 INFO  .:32 - The execution of method login started here ...
2022-03-22 22:05:42 ERROR .:53 - there is an exception arised during the execution of the method login,The Exception :java.lang.NullPointerException: Cannot invoke "org.openqa.selenium.WebDriver.findElement(org.openqa.selenium.By)" because "oBrowser" is null
2022-03-22 22:05:42 INFO  .:166 - In Test Scenario Login the method login execution status is :Fail
2022-03-22 22:05:42 INFO  .:166 - In Test Scenario Login the method minimizeFlyOutWindow execution status is :Fail
2022-03-22 22:05:43 INFO  .:76 - The execution of method logout started here ...
2022-03-22 22:05:43 ERROR .:91 - there is an exception arised during the execution of the method logout,The Exception :java.lang.NullPointerException: Cannot invoke "org.openqa.selenium.WebDriver.findElement(org.openqa.selenium.By)" because "oBrowser" is null
2022-03-22 22:05:43 INFO  .:166 - In Test Scenario Login the method logout execution status is :Fail
2022-03-22 22:05:43 INFO  .:121 - The execution of method closeApplication started here ...
2022-03-22 22:05:43 ERROR .:127 - there is an exception arised during the execution of the method closeApplication,The Exception :java.lang.NullPointerException: Cannot invoke "org.openqa.selenium.WebDriver.quit()" because "oBrowser" is null
2022-03-22 22:05:43 INFO  .:166 - In Test Scenario Login the method closeApplication execution status is :Fail
2022-03-22 22:05:43 INFO  .:180 - +++++++++++++++++++++++++++++++
2022-03-22 22:05:43 INFO  .:86 - The execution of method navigate started here ...
2022-03-22 22:05:43 ERROR .:101 - there is an exception arised during the execution of the method navigate,The Exception :java.lang.NullPointerException: Cannot invoke "org.openqa.selenium.WebDriver.get(String)" because "oBrowser" is null
2022-03-22 22:05:43 INFO  .:166 - In Test Scenario CreateUser the method navigate execution status is :Fail
2022-03-22 22:05:44 INFO  .:32 - The execution of method login started here ...
2022-03-22 22:05:44 ERROR .:53 - there is an exception arised during the execution of the method login,The Exception :java.lang.NullPointerException: Cannot invoke "org.openqa.selenium.WebDriver.findElement(org.openqa.selenium.By)" because "oBrowser" is null
2022-03-22 22:05:44 INFO  .:166 - In Test Scenario CreateUser the method login execution status is :Fail
2022-03-22 22:05:44 INFO  .:166 - In Test Scenario CreateUser the method minimizeFlyOutWindow execution status is :Fail
2022-03-22 22:05:44 INFO  .:32 - The execution of method createUser started here ...
2022-03-22 22:05:44 ERROR .:63 - there is an exception arised during the execution of the method createUser,The Exception :java.lang.NullPointerException: Cannot invoke "org.openqa.selenium.WebDriver.findElement(org.openqa.selenium.By)" because "oBrowser" is null
2022-03-22 22:05:44 INFO  .:166 - In Test Scenario CreateUser the method createUser execution status is :Fail
2022-03-22 22:05:44 INFO  .:131 - The execution of method deleteUser started here ...
2022-03-22 22:05:45 ERROR .:150 - there is an exception arised during the execution of the method deleteUser,The Exception :java.lang.NullPointerException: Cannot invoke "org.openqa.selenium.WebDriver.findElement(org.openqa.selenium.By)" because "oBrowser" is null
2022-03-22 22:05:45 INFO  .:166 - In Test Scenario CreateUser the method deleteUser execution status is :Fail
2022-03-22 22:05:45 INFO  .:76 - The execution of method logout started here ...
2022-03-22 22:05:45 ERROR .:91 - there is an exception arised during the execution of the method logout,The Exception :java.lang.NullPointerException: Cannot invoke "org.openqa.selenium.WebDriver.findElement(org.openqa.selenium.By)" because "oBrowser" is null
2022-03-22 22:05:45 INFO  .:166 - In Test Scenario CreateUser the method logout execution status is :Fail
2022-03-22 22:05:45 INFO  .:121 - The execution of method closeApplication started here ...
2022-03-22 22:05:45 ERROR .:127 - there is an exception arised during the execution of the method closeApplication,The Exception :java.lang.NullPointerException: Cannot invoke "org.openqa.selenium.WebDriver.quit()" because "oBrowser" is null
2022-03-22 22:05:45 INFO  .:166 - In Test Scenario CreateUser the method closeApplication execution status is :Fail
2022-03-22 22:05:45 INFO  .:180 - +++++++++++++++++++++++++++++++
2022-03-22 22:05:45 INFO  .:86 - The execution of method navigate started here ...
2022-03-22 22:05:45 ERROR .:101 - there is an exception arised during the execution of the method navigate,The Exception :java.lang.NullPointerException: Cannot invoke "org.openqa.selenium.WebDriver.get(String)" because "oBrowser" is null
2022-03-22 22:05:45 INFO  .:166 - In Test Scenario ModifyUser the method navigate execution status is :Fail
2022-03-22 22:05:46 INFO  .:32 - The execution of method login started here ...
2022-03-22 22:05:46 ERROR .:53 - there is an exception arised during the execution of the method login,The Exception :java.lang.NullPointerException: Cannot invoke "org.openqa.selenium.WebDriver.findElement(org.openqa.selenium.By)" because "oBrowser" is null
2022-03-22 22:05:46 INFO  .:166 - In Test Scenario ModifyUser the method login execution status is :Fail
2022-03-22 22:05:46 INFO  .:166 - In Test Scenario ModifyUser the method minimizeFlyOutWindow execution status is :Fail
2022-03-22 22:05:46 INFO  .:32 - The execution of method createUser started here ...
2022-03-22 22:05:46 ERROR .:63 - there is an exception arised during the execution of the method createUser,The Exception :java.lang.NullPointerException: Cannot invoke "org.openqa.selenium.WebDriver.findElement(org.openqa.selenium.By)" because "oBrowser" is null
2022-03-22 22:05:46 INFO  .:166 - In Test Scenario ModifyUser the method createUser execution status is :Fail
2022-03-22 22:05:46 INFO  .:86 - The execution of method modifyUser started here ...
2022-03-22 22:05:46 ERROR .:109 - there is an exception arised during the execution of the method modifyUser,The Exception :java.lang.NullPointerException: Cannot invoke "org.openqa.selenium.WebDriver.findElement(org.openqa.selenium.By)" because "oBrowser" is null
2022-03-22 22:05:46 INFO  .:166 - In Test Scenario ModifyUser the method modifyUser execution status is :Fail
2022-03-22 22:05:47 INFO  .:131 - The execution of method deleteUser started here ...
2022-03-22 22:05:47 ERROR .:150 - there is an exception arised during the execution of the method deleteUser,The Exception :java.lang.NullPointerException: Cannot invoke "org.openqa.selenium.WebDriver.findElement(org.openqa.selenium.By)" because "oBrowser" is null
2022-03-22 22:05:47 INFO  .:166 - In Test Scenario ModifyUser the method deleteUser execution status is :Fail
2022-03-22 22:05:47 INFO  .:76 - The execution of method logout started here ...
2022-03-22 22:05:47 ERROR .:91 - there is an exception arised during the execution of the method logout,The Exception :java.lang.NullPointerException: Cannot invoke "org.openqa.selenium.WebDriver.findElement(org.openqa.selenium.By)" because "oBrowser" is null
2022-03-22 22:05:47 INFO  .:166 - In Test Scenario ModifyUser the method logout execution status is :Fail
2022-03-22 22:05:47 INFO  .:121 - The execution of method closeApplication started here ...
2022-03-22 22:05:47 ERROR .:127 - there is an exception arised during the execution of the method closeApplication,The Exception :java.lang.NullPointerException: Cannot invoke "org.openqa.selenium.WebDriver.quit()" because "oBrowser" is null
2022-03-22 22:05:47 INFO  .:166 - In Test Scenario ModifyUser the method closeApplication execution status is :Fail
2022-03-22 22:05:47 INFO  .:180 - +++++++++++++++++++++++++++++++
2022-03-22 22:05:47 INFO  .:180 - +++++++++++++++++++++++++++++++
2022-03-22 22:05:47 INFO  .:180 - +++++++++++++++++++++++++++++++
2022-03-22 22:05:47 INFO  .:180 - +++++++++++++++++++++++++++++++
2022-03-22 22:05:48 INFO  .:180 - +++++++++++++++++++++++++++++++
2022-03-22 22:05:48 INFO  .:183 - The execution of method executeTestScenarios ended here ...
2022-03-22 22:05:48 INFO  .:205 - The execution of method endAutomationSuite ended here ...
2022-03-22 22:05:48 INFO  .:208 - The execution of method endAutomationSuite ended here ...
2022-03-22 22:07:28 INFO  .:69 - The execution of method loadFiles started here ...
2022-03-22 22:07:28 INFO  .:84 - The execution of method loadFiles ended here ...
2022-03-22 22:07:34 INFO  .:86 - The execution of method navigate started here ...
2022-03-22 22:07:43 ERROR .:101 - there is an exception arised during the execution of the method navigate,The Exception :org.openqa.selenium.WebDriverException: unknown error: net::ERR_CONNECTION_REFUSED
  (Session info: chrome=99.0.4844.74)
Build info: version: '4.1.2', revision: '9a5a329c5a'
System info: host: 'DESKTOP-GPCJU7J', ip: '192.168.1.27', os.name: 'Windows 10', os.arch: 'amd64', os.version: '10.0', java.version: '17.0.1'
Driver info: org.openqa.selenium.chrome.ChromeDriver
Command: [34dd54bd959111d71b8e681e7e5f8542, get {url=http://localhost/login.do}]
Capabilities {acceptInsecureCerts: false, browserName: chrome, browserVersion: 99.0.4844.74, chrome: {chromedriverVersion: 98.0.4758.102 (273bf7ac8c90..., userDataDir: C:\Users\HEMANT~1\AppData\L...}, goog:chromeOptions: {debuggerAddress: localhost:55898}, javascriptEnabled: true, networkConnectionEnabled: false, pageLoadStrategy: normal, platform: WINDOWS, platformName: WINDOWS, proxy: Proxy(), se:cdp: ws://localhost:55898/devtoo..., se:cdpVersion: 99.0.4844.74, setWindowRect: true, strictFileInteractability: false, timeouts: {implicit: 0, pageLoad: 300000, script: 30000}, unhandledPromptBehavior: dismiss and notify, webauthn:extension:credBlob: true, webauthn:extension:largeBlob: true, webauthn:virtualAuthenticators: true}
Session ID: 34dd54bd959111d71b8e681e7e5f8542
2022-03-22 22:07:44 INFO  .:166 - In Test Scenario Login the method navigate execution status is :Fail
2022-03-22 22:07:44 INFO  .:32 - The execution of method login started here ...
2022-03-22 22:07:44 ERROR .:53 - there is an exception arised during the execution of the method login,The Exception :org.openqa.selenium.NoSuchElementException: no such element: Unable to locate element: {"method":"css selector","selector":"#username"}
  (Session info: chrome=99.0.4844.74)
For documentation on this error, please visit: https://selenium.dev/exceptions/#no_such_element
Build info: version: '4.1.2', revision: '9a5a329c5a'
System info: host: 'DESKTOP-GPCJU7J', ip: '192.168.1.27', os.name: 'Windows 10', os.arch: 'amd64', os.version: '10.0', java.version: '17.0.1'
Driver info: org.openqa.selenium.chrome.ChromeDriver
Command: [34dd54bd959111d71b8e681e7e5f8542, findElement {using=id, value=username}]
Capabilities {acceptInsecureCerts: false, browserName: chrome, browserVersion: 99.0.4844.74, chrome: {chromedriverVersion: 98.0.4758.102 (273bf7ac8c90..., userDataDir: C:\Users\HEMANT~1\AppData\L...}, goog:chromeOptions: {debuggerAddress: localhost:55898}, javascriptEnabled: true, networkConnectionEnabled: false, pageLoadStrategy: normal, platform: WINDOWS, platformName: WINDOWS, proxy: Proxy(), se:cdp: ws://localhost:55898/devtoo..., se:cdpVersion: 99.0.4844.74, setWindowRect: true, strictFileInteractability: false, timeouts: {implicit: 0, pageLoad: 300000, script: 30000}, unhandledPromptBehavior: dismiss and notify, webauthn:extension:credBlob: true, webauthn:extension:largeBlob: true, webauthn:virtualAuthenticators: true}
Session ID: 34dd54bd959111d71b8e681e7e5f8542
2022-03-22 22:07:44 INFO  .:166 - In Test Scenario Login the method login execution status is :Fail
2022-03-22 22:07:45 INFO  .:166 - In Test Scenario Login the method minimizeFlyOutWindow execution status is :Fail
2022-03-22 22:07:45 INFO  .:76 - The execution of method logout started here ...
2022-03-22 22:07:45 ERROR .:91 - there is an exception arised during the execution of the method logout,The Exception :org.openqa.selenium.NoSuchElementException: no such element: Unable to locate element: {"method":"xpath","selector":"//a[text()='Logout']"}
  (Session info: chrome=99.0.4844.74)
For documentation on this error, please visit: https://selenium.dev/exceptions/#no_such_element
Build info: version: '4.1.2', revision: '9a5a329c5a'
System info: host: 'DESKTOP-GPCJU7J', ip: '192.168.1.27', os.name: 'Windows 10', os.arch: 'amd64', os.version: '10.0', java.version: '17.0.1'
Driver info: org.openqa.selenium.chrome.ChromeDriver
Command: [34dd54bd959111d71b8e681e7e5f8542, findElement {using=xpath, value=//a[text()='Logout']}]
Capabilities {acceptInsecureCerts: false, browserName: chrome, browserVersion: 99.0.4844.74, chrome: {chromedriverVersion: 98.0.4758.102 (273bf7ac8c90..., userDataDir: C:\Users\HEMANT~1\AppData\L...}, goog:chromeOptions: {debuggerAddress: localhost:55898}, javascriptEnabled: true, networkConnectionEnabled: false, pageLoadStrategy: normal, platform: WINDOWS, platformName: WINDOWS, proxy: Proxy(), se:cdp: ws://localhost:55898/devtoo..., se:cdpVersion: 99.0.4844.74, setWindowRect: true, strictFileInteractability: false, timeouts: {implicit: 0, pageLoad: 300000, script: 30000}, unhandledPromptBehavior: dismiss and notify, webauthn:extension:credBlob: true, webauthn:extension:largeBlob: true, webauthn:virtualAuthenticators: true}
Session ID: 34dd54bd959111d71b8e681e7e5f8542
2022-03-22 22:07:45 INFO  .:166 - In Test Scenario Login the method logout execution status is :Fail
2022-03-22 22:07:45 INFO  .:121 - The execution of method closeApplication started here ...
2022-03-22 22:07:46 INFO  .:124 - The execution of method closeApplication ended here ...
2022-03-22 22:07:46 INFO  .:166 - In Test Scenario Login the method closeApplication execution status is :Pass
2022-03-22 22:07:46 INFO  .:180 - +++++++++++++++++++++++++++++++
2022-03-22 22:07:47 INFO  .:86 - The execution of method navigate started here ...
2022-03-22 22:07:55 ERROR .:101 - there is an exception arised during the execution of the method navigate,The Exception :org.openqa.selenium.WebDriverException: unknown error: cannot determine loading status
from disconnected: received Inspector.detached event
  (Session info: chrome=99.0.4844.74)
Build info: version: '4.1.2', revision: '9a5a329c5a'
System info: host: 'DESKTOP-GPCJU7J', ip: '192.168.1.27', os.name: 'Windows 10', os.arch: 'amd64', os.version: '10.0', java.version: '17.0.1'
Driver info: org.openqa.selenium.chrome.ChromeDriver
Command: [56ac412383fba0a35d2cfb85e39559cf, get {url=http://localhost/login.do}]
Capabilities {acceptInsecureCerts: false, browserName: chrome, browserVersion: 99.0.4844.74, chrome: {chromedriverVersion: 98.0.4758.102 (273bf7ac8c90..., userDataDir: C:\Users\HEMANT~1\AppData\L...}, goog:chromeOptions: {debuggerAddress: localhost:55939}, javascriptEnabled: true, networkConnectionEnabled: false, pageLoadStrategy: normal, platform: WINDOWS, platformName: WINDOWS, proxy: Proxy(), se:cdp: ws://localhost:55939/devtoo..., se:cdpVersion: 99.0.4844.74, setWindowRect: true, strictFileInteractability: false, timeouts: {implicit: 0, pageLoad: 300000, script: 30000}, unhandledPromptBehavior: dismiss and notify, webauthn:extension:credBlob: true, webauthn:extension:largeBlob: true, webauthn:virtualAuthenticators: true}
Session ID: 56ac412383fba0a35d2cfb85e39559cf
2022-03-22 22:07:56 INFO  .:166 - In Test Scenario CreateUser the method navigate execution status is :Fail
2022-03-22 22:07:56 INFO  .:32 - The execution of method login started here ...
2022-03-22 22:11:01 INFO  .:69 - The execution of method loadFiles started here ...
2022-03-22 22:11:01 INFO  .:84 - The execution of method loadFiles ended here ...
2022-03-22 22:11:05 INFO  .:86 - The execution of method navigate started here ...
2022-03-22 22:11:14 ERROR .:101 - there is an exception arised during the execution of the method navigate,The Exception :org.openqa.selenium.WebDriverException: unknown error: net::ERR_CONNECTION_REFUSED
  (Session info: chrome=99.0.4844.74)
Build info: version: '4.1.2', revision: '9a5a329c5a'
System info: host: 'DESKTOP-GPCJU7J', ip: '192.168.1.27', os.name: 'Windows 10', os.arch: 'amd64', os.version: '10.0', java.version: '17.0.1'
Driver info: org.openqa.selenium.chrome.ChromeDriver
Command: [0dc0a39e0add1e038078b78248033212, get {url=http://localhost/login.do}]
Capabilities {acceptInsecureCerts: false, browserName: chrome, browserVersion: 99.0.4844.74, chrome: {chromedriverVersion: 98.0.4758.102 (273bf7ac8c90..., userDataDir: C:\Users\HEMANT~1\AppData\L...}, goog:chromeOptions: {debuggerAddress: localhost:61838}, javascriptEnabled: true, networkConnectionEnabled: false, pageLoadStrategy: normal, platform: WINDOWS, platformName: WINDOWS, proxy: Proxy(), se:cdp: ws://localhost:61838/devtoo..., se:cdpVersion: 99.0.4844.74, setWindowRect: true, strictFileInteractability: false, timeouts: {implicit: 0, pageLoad: 300000, script: 30000}, unhandledPromptBehavior: dismiss and notify, webauthn:extension:credBlob: true, webauthn:extension:largeBlob: true, webauthn:virtualAuthenticators: true}
Session ID: 0dc0a39e0add1e038078b78248033212
2022-03-22 22:11:14 INFO  .:166 - In Test Scenario Login the method navigate execution status is :Fail
2022-03-22 22:11:14 INFO  .:32 - The execution of method login started here ...
2022-03-22 22:11:14 ERROR .:53 - there is an exception arised during the execution of the method login,The Exception :org.openqa.selenium.NoSuchElementException: no such element: Unable to locate element: {"method":"css selector","selector":"#username"}
  (Session info: chrome=99.0.4844.74)
For documentation on this error, please visit: https://selenium.dev/exceptions/#no_such_element
Build info: version: '4.1.2', revision: '9a5a329c5a'
System info: host: 'DESKTOP-GPCJU7J', ip: '192.168.1.27', os.name: 'Windows 10', os.arch: 'amd64', os.version: '10.0', java.version: '17.0.1'
Driver info: org.openqa.selenium.chrome.ChromeDriver
Command: [0dc0a39e0add1e038078b78248033212, findElement {using=id, value=username}]
Capabilities {acceptInsecureCerts: false, browserName: chrome, browserVersion: 99.0.4844.74, chrome: {chromedriverVersion: 98.0.4758.102 (273bf7ac8c90..., userDataDir: C:\Users\HEMANT~1\AppData\L...}, goog:chromeOptions: {debuggerAddress: localhost:61838}, javascriptEnabled: true, networkConnectionEnabled: false, pageLoadStrategy: normal, platform: WINDOWS, platformName: WINDOWS, proxy: Proxy(), se:cdp: ws://localhost:61838/devtoo..., se:cdpVersion: 99.0.4844.74, setWindowRect: true, strictFileInteractability: false, timeouts: {implicit: 0, pageLoad: 300000, script: 30000}, unhandledPromptBehavior: dismiss and notify, webauthn:extension:credBlob: true, webauthn:extension:largeBlob: true, webauthn:virtualAuthenticators: true}
Session ID: 0dc0a39e0add1e038078b78248033212
2022-03-22 22:11:15 INFO  .:166 - In Test Scenario Login the method login execution status is :Fail
2022-03-22 22:11:15 INFO  .:166 - In Test Scenario Login the method minimizeFlyOutWindow execution status is :Fail
2022-03-22 22:11:16 INFO  .:76 - The execution of method logout started here ...
2022-03-22 22:11:16 ERROR .:91 - there is an exception arised during the execution of the method logout,The Exception :org.openqa.selenium.NoSuchElementException: no such element: Unable to locate element: {"method":"xpath","selector":"//a[text()='Logout']"}
  (Session info: chrome=99.0.4844.74)
For documentation on this error, please visit: https://selenium.dev/exceptions/#no_such_element
Build info: version: '4.1.2', revision: '9a5a329c5a'
System info: host: 'DESKTOP-GPCJU7J', ip: '192.168.1.27', os.name: 'Windows 10', os.arch: 'amd64', os.version: '10.0', java.version: '17.0.1'
Driver info: org.openqa.selenium.chrome.ChromeDriver
Command: [0dc0a39e0add1e038078b78248033212, findElement {using=xpath, value=//a[text()='Logout']}]
Capabilities {acceptInsecureCerts: false, browserName: chrome, browserVersion: 99.0.4844.74, chrome: {chromedriverVersion: 98.0.4758.102 (273bf7ac8c90..., userDataDir: C:\Users\HEMANT~1\AppData\L...}, goog:chromeOptions: {debuggerAddress: localhost:61838}, javascriptEnabled: true, networkConnectionEnabled: false, pageLoadStrategy: normal, platform: WINDOWS, platformName: WINDOWS, proxy: Proxy(), se:cdp: ws://localhost:61838/devtoo..., se:cdpVersion: 99.0.4844.74, setWindowRect: true, strictFileInteractability: false, timeouts: {implicit: 0, pageLoad: 300000, script: 30000}, unhandledPromptBehavior: dismiss and notify, webauthn:extension:credBlob: true, webauthn:extension:largeBlob: true, webauthn:virtualAuthenticators: true}
Session ID: 0dc0a39e0add1e038078b78248033212
2022-03-22 22:11:16 INFO  .:166 - In Test Scenario Login the method logout execution status is :Fail
2022-03-22 22:11:16 INFO  .:121 - The execution of method closeApplication started here ...
2022-03-22 22:11:16 INFO  .:124 - The execution of method closeApplication ended here ...
2022-03-22 22:11:16 INFO  .:166 - In Test Scenario Login the method closeApplication execution status is :Pass
2022-03-22 22:11:16 INFO  .:180 - +++++++++++++++++++++++++++++++
2022-03-22 22:11:18 INFO  .:86 - The execution of method navigate started here ...
2022-03-22 22:12:14 INFO  .:69 - The execution of method loadFiles started here ...
2022-03-22 22:12:14 INFO  .:84 - The execution of method loadFiles ended here ...
2022-03-22 22:12:19 INFO  .:86 - The execution of method navigate started here ...
2022-03-22 22:12:27 INFO  .:98 - The execution of method navigate ended here ...
2022-03-22 22:12:27 INFO  .:166 - In Test Scenario Login the method navigate execution status is :Pass
2022-03-22 22:12:27 INFO  .:32 - The execution of method login started here ...
2022-03-22 22:12:33 INFO  .:50 - The execution of method login ended here ...
2022-03-22 22:12:33 INFO  .:166 - In Test Scenario Login the method login execution status is :Pass
2022-03-22 22:12:35 INFO  .:166 - In Test Scenario Login the method minimizeFlyOutWindow execution status is :Pass
2022-03-22 22:12:36 INFO  .:76 - The execution of method logout started here ...
2022-03-22 22:12:40 INFO  .:88 - The execution of method logout ended here ...
2022-03-22 22:12:40 INFO  .:166 - In Test Scenario Login the method logout execution status is :Pass
2022-03-22 22:12:41 INFO  .:121 - The execution of method closeApplication started here ...
2022-03-22 22:12:41 INFO  .:124 - The execution of method closeApplication ended here ...
2022-03-22 22:12:41 INFO  .:166 - In Test Scenario Login the method closeApplication execution status is :Pass
2022-03-22 22:12:41 INFO  .:180 - +++++++++++++++++++++++++++++++
2022-03-22 22:12:44 INFO  .:86 - The execution of method navigate started here ...
2022-03-22 22:12:51 INFO  .:98 - The execution of method navigate ended here ...
2022-03-22 22:12:51 INFO  .:166 - In Test Scenario CreateUser the method navigate execution status is :Pass
2022-03-22 22:12:51 INFO  .:32 - The execution of method login started here ...
2022-03-22 22:12:57 INFO  .:50 - The execution of method login ended here ...
2022-03-22 22:12:57 INFO  .:166 - In Test Scenario CreateUser the method login execution status is :Pass
2022-03-22 22:12:59 INFO  .:166 - In Test Scenario CreateUser the method minimizeFlyOutWindow execution status is :Pass
2022-03-22 22:12:59 INFO  .:32 - The execution of method createUser started here ...
2022-03-22 22:13:11 INFO  .:60 - The execution of method createUser ended here ...
2022-03-22 22:13:11 INFO  .:166 - In Test Scenario CreateUser the method createUser execution status is :Pass
2022-03-22 22:13:11 INFO  .:131 - The execution of method deleteUser started here ...
2022-03-22 22:13:21 INFO  .:147 - The execution of method deleteUser ended here ...
2022-03-22 22:13:21 INFO  .:166 - In Test Scenario CreateUser the method deleteUser execution status is :Pass
2022-03-22 22:13:21 INFO  .:76 - The execution of method logout started here ...
